<?xml version="1.0" encoding="UTF-8"?>
<!-- Generated by org.testng.reporters.JUnitReportReporter -->
<testsuite hostname="DESKTOP-2V2TNIK" failures="0" tests="2" name="testcases.TestLogin" time="260.067" errors="0" timestamp="2021-09-07T11:34:32 IST" skipped="0">
  <testcase classname="testcases.TestLogin" name="testLoginPage" time="163.356"/>
  <system-out/>
  <testcase classname="testcases.TestLogin" name="checkDashboard" time="96.711"/>
  <system-out/>
</testsuite> <!-- testcases.TestLogin -->
